[35m[Appium][39m Welcome to Appium v2.5.0
[35m[Appium][39m Non-default server args:
[35m[Appium][39m { basePath: [32m'/wd/hub'[39m, loglevel: [32m'info'[39m, port: [33m62211[39m }
[35m[Appium][39m Attempting to load driver uiautomator2...
[Appium] Appium REST http interface listener started on http://0.0.0.0:62211/wd/hub
[Appium] You can provide the following URLs in your client code to connect to this server:
[Appium] 	http://127.0.0.1:62211/wd/hub (only accessible from the same host)
[Appium] 	http://192.168.100.110:62211/wd/hub
[Appium] Available drivers:
[Appium]   - uiautomator2@3.0.0 (automationName 'UiAutomator2')
[Appium] No plugins have been installed. Use the "appium plugin" command to install the one(s) you want to use.
[38;5;0m[HTTP][0m [37m-->[39m [37mGET[39m [37m/wd/hub/status[39m
[38;5;0m[HTTP][0m {}
[38;5;0m[HTTP][0m <-- GET /wd/hub/status 200 2 ms - 110
[38;5;0m[HTTP][0m 
[38;5;0m[HTTP][0m [37m-->[39m [37mGET[39m [37m/wd/hub/status[39m
[38;5;0m[HTTP][0m {}
[38;5;0m[HTTP][0m <-- GET /wd/hub/status 200 1 ms - 110
[38;5;0m[HTTP][0m 
[38;5;0m[HTTP][0m [37m-->[39m [37mPOST[39m [37m/wd/hub/session[39m
[38;5;0m[HTTP][0m {"desiredCapabilities":{"appium:systemPort":62221,"appium:newCommandTimeout":1800,"appium:automationName":"uiautomator2","appium:fullReset":false,"appium:platformVersion":"14","appium:noReset":true,"appium:udid":"emulator-5554","appium:autoGrantPermissions":true,"appium:platformName":"ANDROID","appium:deviceName":"emulator-5554 (sdk_gphone64_arm64 - Android 14)","platformName":"Android","appium:app":"/Users/jalu/Downloads/Advantage+demo+3.2.apk"},"capabilities":{"firstMatch":[{"appium:app":"/Users/jalu/Downloads/Advantage+demo+3.2.apk","appium:autoGrantPermissions":true,"appium:automationName":"uiautomator2","appium:deviceName":"emulator-5554 (sdk_gphone64_arm64 - Android 14)","appium:fullReset":false,"appium:newCommandTimeout":1800,"appium:noReset":true,"appium:platformName":"ANDROID","appium:platformVersion":"14","appium:systemPort":62221,"appium:udid":"emulator-5554","platformName":"android"}]}}
[38;5;32m[BaseDriver][0m Ignoring capability 'appium:platformName=ANDROID' and using capability 'platformName=android'
[38;5;32m[BaseDriver][0m The capabilities ["platformName"] are standard capabilities and do not require "appium:" prefix
[Appium] Attempting to find matching driver for automationName 'uiautomator2' and platformName 'android'
[Appium] The 'uiautomator2' driver was installed and matched caps.
[Appium] Will require it at /Users/jalu/.appium/node_modules/appium-uiautomator2-driver
[38;5;16m[AppiumDriver@23a5][0m Appium v2.5.0 creating new AndroidUiautomator2Driver (v3.0.0) session
[38;5;16m[AppiumDriver@23a5][0m Checking BaseDriver versions for Appium and AndroidUiautomator2Driver
[38;5;16m[AppiumDriver@23a5][0m Appium's BaseDriver version is 9.5.1
[38;5;16m[AppiumDriver@23a5][0m AndroidUiautomator2Driver's BaseDriver version is 9.5.1
[38;5;48m[AndroidUiautomator2Driver@8c0f (f730fef6)][0m Session created with session id: f730fef6-37c3-4fc4-8980-a8446a4a0c8e
[38;5;64m[ADB][0m Found 1 'build-tools' folders under '/Users/jalu/.katalon/tools/android_sdk' (newest first):
[38;5;64m[ADB][0m     /Users/jalu/.katalon/tools/android_sdk/build-tools/29.0.3
[38;5;64m[ADB][0m Using 'adb' from '/Users/jalu/.katalon/tools/android_sdk/platform-tools/adb'
[38;5;48m[AndroidUiautomator2Driver@8c0f (f730fef6)][0m Retrieving device list
[38;5;48m[AndroidUiautomator2Driver@8c0f (f730fef6)][0m Using device: emulator-5554
[38;5;64m[ADB][0m Using 'adb' from '/Users/jalu/.katalon/tools/android_sdk/platform-tools/adb'
[38;5;32m[BaseDriver][0m Using local app '/Users/jalu/Downloads/Advantage+demo+3.2.apk'
[38;5;64m[ADB][0m Getting device platform version
[38;5;48m[AndroidUiautomator2Driver@8c0f (f730fef6)][0m Relaxing hidden api policy
[38;5;64m[ADB][0m Package name: 'com.Advantage.aShopping'
[38;5;64m[ADB][0m Main activity name: 'com.Advantage.aShopping.SplashActivity'
[38;5;64m[ADB][0m Using 'apksigner.jar' from '/Users/jalu/.katalon/tools/android_sdk/build-tools/29.0.3/lib/apksigner.jar'
[38;5;64m[ADB][0m '/Users/jalu/.appium/node_modules/appium-uiautomator2-driver/node_modules/appium-uiautomator2-server/apks/appium-uiautomator2-server-debug-androidTest.apk' is signed with the default certificate
[38;5;64m[ADB][0m '/Users/jalu/Downloads/Advantage+demo+3.2.apk' is signed with a non-default certificate
[38;5;64m[ADB][0m The application at '/Users/jalu/Downloads/Advantage+demo+3.2.apk' will not be cached, because the device under test has confirmed the support of streamed installs
[38;5;64m[ADB][0m '/Users/jalu/.appium/node_modules/appium-uiautomator2-driver/node_modules/appium-uiautomator2-server/apks/appium-uiautomator2-server-v7.0.0.apk' is signed with the default certificate
[38;5;48m[AndroidUiautomator2Driver@8c0f (f730fef6)][0m Server packages are not going to be (re)installed
[38;5;64m[ADB][0m Adding packages ["io.appium.settings","io.appium.uiautomator2.server","io.appium.uiautomator2.server.test"] to Doze whitelist
[38;5;64m[ADB][0m The installation of 'Advantage+demo+3.2.apk' took 741ms
[38;5;48m[AndroidUiautomator2Driver@8c0f (f730fef6)][0m Starting UIAutomator2 server 7.0.0
[38;5;48m[AndroidUiautomator2Driver@8c0f (f730fef6)][0m Using UIAutomator2 server from '/Users/jalu/.appium/node_modules/appium-uiautomator2-driver/node_modules/appium-uiautomator2-server/apks/appium-uiautomator2-server-v7.0.0.apk' and test from '/Users/jalu/.appium/node_modules/appium-uiautomator2-driver/node_modules/appium-uiautomator2-server/apks/appium-uiautomator2-server-debug-androidTest.apk'
[38;5;48m[AndroidUiautomator2Driver@8c0f (f730fef6)][0m Waiting up to 30000ms for UiAutomator2 to be online...
[38;5;48m[AndroidUiautomator2Driver@8c0f (f730fef6)][0m socket hang up
[38;5;48m[AndroidUiautomator2Driver@8c0f (f730fef6)][0m socket hang up
[38;5;48m[AndroidUiautomator2Driver@8c0f (f730fef6)][0m socket hang up
[38;5;48m[AndroidUiautomator2Driver@8c0f (f730fef6)][0m Determined the downstream protocol as 'W3C'
[38;5;48m[AndroidUiautomator2Driver@8c0f (f730fef6)][0m Screen already unlocked, doing nothing
[38;5;48m[AndroidUiautomator2Driver@8c0f (f730fef6)][0m Starting 'com.Advantage.aShopping/com.Advantage.aShopping.SplashActivity and waiting for 'com.Advantage.aShopping/com.Advantage.aShopping.SplashActivity'
[38;5;16m[AppiumDriver@23a5][0m New AndroidUiautomator2Driver session created successfully, session f730fef6-37c3-4fc4-8980-a8446a4a0c8e added to master session list
[38;5;0m[HTTP][0m <-- POST /wd/hub/session 200 6640 ms - 1210
[38;5;0m[HTTP][0m 
[38;5;0m[HTTP][0m [37m-->[39m [37mGET[39m [37m/wd/hub/session/f730fef6-37c3-4fc4-8980-a8446a4a0c8e[39m
[38;5;0m[HTTP][0m {}
[38;5;0m[HTTP][0m <-- GET /wd/hub/session/f730fef6-37c3-4fc4-8980-a8446a4a0c8e 200 7 ms - 357
[38;5;0m[HTTP][0m 
[38;5;0m[HTTP][0m [37m-->[39m [37mGET[39m [37m/wd/hub/session/f730fef6-37c3-4fc4-8980-a8446a4a0c8e[39m
[38;5;0m[HTTP][0m {}
[38;5;0m[HTTP][0m <-- GET /wd/hub/session/f730fef6-37c3-4fc4-8980-a8446a4a0c8e 200 7 ms - 357
[38;5;0m[HTTP][0m 
[38;5;0m[HTTP][0m [37m-->[39m [37mGET[39m [37m/wd/hub/status[39m
[38;5;0m[HTTP][0m {}
[38;5;0m[HTTP][0m <-- GET /wd/hub/status 200 1 ms - 110
[38;5;0m[HTTP][0m 
[38;5;0m[HTTP][0m [37m-->[39m [37mPOST[39m [37m/wd/hub/session/f730fef6-37c3-4fc4-8980-a8446a4a0c8e/timeouts[39m
[38;5;0m[HTTP][0m {"implicit":60000}
[38;5;0m[HTTP][0m <-- POST /wd/hub/session/f730fef6-37c3-4fc4-8980-a8446a4a0c8e/timeouts 200 2 ms - 14
[38;5;0m[HTTP][0m 
[38;5;0m[HTTP][0m [37m-->[39m [37mGET[39m [37m/wd/hub/session/f730fef6-37c3-4fc4-8980-a8446a4a0c8e/source[39m
[38;5;0m[HTTP][0m {}
[38;5;48m[AndroidUiautomator2Driver@8c0f (f730fef6)][0m Driver proxy active, passing request on via HTTP proxy
[38;5;48m[AndroidUiautomator2Driver@8c0f (f730fef6)][0m Replacing sessionId a32852a7-0bc4-4751-bdae-b8bea0353713 with f730fef6-37c3-4fc4-8980-a8446a4a0c8e
[38;5;0m[HTTP][0m <-- GET /wd/hub/session/f730fef6-37c3-4fc4-8980-a8446a4a0c8e/source 200 724 ms - 5913
[38;5;0m[HTTP][0m 
[38;5;0m[HTTP][0m [37m-->[39m [37mGET[39m [37m/wd/hub/session/f730fef6-37c3-4fc4-8980-a8446a4a0c8e/screenshot[39m
[38;5;0m[HTTP][0m {}
[38;5;0m[HTTP][0m <-- GET /wd/hub/session/f730fef6-37c3-4fc4-8980-a8446a4a0c8e/screenshot 200 1723 ms - 2866756
[38;5;0m[HTTP][0m 
[38;5;0m[HTTP][0m [37m-->[39m [37mGET[39m [37m/wd/hub/session/f730fef6-37c3-4fc4-8980-a8446a4a0c8e/source[39m
[38;5;0m[HTTP][0m {}
[38;5;48m[AndroidUiautomator2Driver@8c0f (f730fef6)][0m Driver proxy active, passing request on via HTTP proxy
[38;5;48m[AndroidUiautomator2Driver@8c0f (f730fef6)][0m Replacing sessionId a32852a7-0bc4-4751-bdae-b8bea0353713 with f730fef6-37c3-4fc4-8980-a8446a4a0c8e
[38;5;0m[HTTP][0m <-- GET /wd/hub/session/f730fef6-37c3-4fc4-8980-a8446a4a0c8e/source 200 459 ms - 15552
[38;5;0m[HTTP][0m 
[38;5;0m[HTTP][0m [37m-->[39m [37mGET[39m [37m/wd/hub/session/f730fef6-37c3-4fc4-8980-a8446a4a0c8e/screenshot[39m
[38;5;0m[HTTP][0m {}
[38;5;0m[HTTP][0m <-- GET /wd/hub/session/f730fef6-37c3-4fc4-8980-a8446a4a0c8e/screenshot 200 1646 ms - 2178992
[38;5;0m[HTTP][0m 
[38;5;0m[HTTP][0m [37m-->[39m [37mPOST[39m [37m/wd/hub/session/f730fef6-37c3-4fc4-8980-a8446a4a0c8e/elements[39m
[38;5;0m[HTTP][0m {"using":"xpath","value":"//*[@class = 'android.widget.ImageView' and @resource-id = 'com.Advantage.aShopping:id/imageViewMenu' and (@text = '' or . = '')]"}
[38;5;0m[HTTP][0m <-- POST /wd/hub/session/f730fef6-37c3-4fc4-8980-a8446a4a0c8e/elements 200 544 ms - 139
[38;5;0m[HTTP][0m 
[38;5;0m[HTTP][0m [37m-->[39m [37mGET[39m [37m/wd/hub/session/f730fef6-37c3-4fc4-8980-a8446a4a0c8e/window/rect[39m
[38;5;0m[HTTP][0m {}
[38;5;0m[HTTP][0m <-- GET /wd/hub/session/f730fef6-37c3-4fc4-8980-a8446a4a0c8e/window/rect 200 8 ms - 50
[38;5;0m[HTTP][0m 
[38;5;0m[HTTP][0m [37m-->[39m [37mPOST[39m [37m/wd/hub/session/f730fef6-37c3-4fc4-8980-a8446a4a0c8e/elements[39m
[38;5;0m[HTTP][0m {"using":"xpath","value":"//*[@class = 'android.widget.ImageView' and @resource-id = 'com.Advantage.aShopping:id/imageViewMenu' and (@text = '' or . = '')]"}
[38;5;0m[HTTP][0m <-- POST /wd/hub/session/f730fef6-37c3-4fc4-8980-a8446a4a0c8e/elements 200 62 ms - 139
[38;5;0m[HTTP][0m 
[38;5;0m[HTTP][0m [37m-->[39m [37mGET[39m [37m/wd/hub/session/f730fef6-37c3-4fc4-8980-a8446a4a0c8e/element/00000000-0000-02b7-ffff-ffff00000018/location[39m
[38;5;0m[HTTP][0m {}
[38;5;48m[AndroidUiautomator2Driver@8c0f (f730fef6)][0m Driver proxy active, passing request on via HTTP proxy
[38;5;48m[AndroidUiautomator2Driver@8c0f (f730fef6)][0m Replacing sessionId a32852a7-0bc4-4751-bdae-b8bea0353713 with f730fef6-37c3-4fc4-8980-a8446a4a0c8e
[38;5;0m[HTTP][0m <-- GET /wd/hub/session/f730fef6-37c3-4fc4-8980-a8446a4a0c8e/element/00000000-0000-02b7-ffff-ffff00000018/location 200 10 ms - 75
[38;5;0m[HTTP][0m 
[38;5;0m[HTTP][0m [37m-->[39m [37mPOST[39m [37m/wd/hub/session/f730fef6-37c3-4fc4-8980-a8446a4a0c8e/element/00000000-0000-02b7-ffff-ffff00000018/click[39m
[38;5;0m[HTTP][0m {"id":"00000000-0000-02b7-ffff-ffff00000018"}
[38;5;0m[HTTP][0m <-- POST /wd/hub/session/f730fef6-37c3-4fc4-8980-a8446a4a0c8e/element/00000000-0000-02b7-ffff-ffff00000018/click 200 159 ms - 14
[38;5;0m[HTTP][0m 
[38;5;0m[HTTP][0m [37m-->[39m [37mGET[39m [37m/wd/hub/session/f730fef6-37c3-4fc4-8980-a8446a4a0c8e/source[39m
[38;5;0m[HTTP][0m {}
[38;5;48m[AndroidUiautomator2Driver@8c0f (f730fef6)][0m Driver proxy active, passing request on via HTTP proxy
[38;5;48m[AndroidUiautomator2Driver@8c0f (f730fef6)][0m Replacing sessionId a32852a7-0bc4-4751-bdae-b8bea0353713 with f730fef6-37c3-4fc4-8980-a8446a4a0c8e
[38;5;0m[HTTP][0m <-- GET /wd/hub/session/f730fef6-37c3-4fc4-8980-a8446a4a0c8e/source 200 413 ms - 32512
[38;5;0m[HTTP][0m 
[38;5;0m[HTTP][0m [37m-->[39m [37mGET[39m [37m/wd/hub/session/f730fef6-37c3-4fc4-8980-a8446a4a0c8e/screenshot[39m
[38;5;0m[HTTP][0m {}
[38;5;0m[HTTP][0m <-- GET /wd/hub/session/f730fef6-37c3-4fc4-8980-a8446a4a0c8e/screenshot 200 345 ms - 680900
[38;5;0m[HTTP][0m 
[38;5;0m[HTTP][0m [37m-->[39m [37mPOST[39m [37m/wd/hub/session/f730fef6-37c3-4fc4-8980-a8446a4a0c8e/elements[39m
[38;5;0m[HTTP][0m {"using":"xpath","value":"//*[@class = 'android.widget.LinearLayout' and @resource-id = 'com.Advantage.aShopping:id/linearLayoutLogin' and (@text = '' or . = '')]"}
[38;5;0m[HTTP][0m <-- POST /wd/hub/session/f730fef6-37c3-4fc4-8980-a8446a4a0c8e/elements 200 126 ms - 139
[38;5;0m[HTTP][0m 
[38;5;0m[HTTP][0m [37m-->[39m [37mGET[39m [37m/wd/hub/session/f730fef6-37c3-4fc4-8980-a8446a4a0c8e/window/rect[39m
[38;5;0m[HTTP][0m {}
[38;5;0m[HTTP][0m <-- GET /wd/hub/session/f730fef6-37c3-4fc4-8980-a8446a4a0c8e/window/rect 200 7 ms - 50
[38;5;0m[HTTP][0m 
[38;5;0m[HTTP][0m [37m-->[39m [37mPOST[39m [37m/wd/hub/session/f730fef6-37c3-4fc4-8980-a8446a4a0c8e/elements[39m
[38;5;0m[HTTP][0m {"using":"xpath","value":"//*[@class = 'android.widget.LinearLayout' and @resource-id = 'com.Advantage.aShopping:id/linearLayoutLogin' and (@text = '' or . = '')]"}
[38;5;0m[HTTP][0m <-- POST /wd/hub/session/f730fef6-37c3-4fc4-8980-a8446a4a0c8e/elements 200 86 ms - 139
[38;5;0m[HTTP][0m 
[38;5;0m[HTTP][0m [37m-->[39m [37mGET[39m [37m/wd/hub/session/f730fef6-37c3-4fc4-8980-a8446a4a0c8e/element/00000000-0000-02b7-ffff-ffff0000003e/location[39m
[38;5;0m[HTTP][0m {}
[38;5;48m[AndroidUiautomator2Driver@8c0f (f730fef6)][0m Driver proxy active, passing request on via HTTP proxy
[38;5;48m[AndroidUiautomator2Driver@8c0f (f730fef6)][0m Replacing sessionId a32852a7-0bc4-4751-bdae-b8bea0353713 with f730fef6-37c3-4fc4-8980-a8446a4a0c8e
[38;5;0m[HTTP][0m <-- GET /wd/hub/session/f730fef6-37c3-4fc4-8980-a8446a4a0c8e/element/00000000-0000-02b7-ffff-ffff0000003e/location 200 9 ms - 76
[38;5;0m[HTTP][0m 
[38;5;0m[HTTP][0m [37m-->[39m [37mPOST[39m [37m/wd/hub/session/f730fef6-37c3-4fc4-8980-a8446a4a0c8e/element/00000000-0000-02b7-ffff-ffff0000003e/click[39m
[38;5;0m[HTTP][0m {"id":"00000000-0000-02b7-ffff-ffff0000003e"}
[38;5;0m[HTTP][0m <-- POST /wd/hub/session/f730fef6-37c3-4fc4-8980-a8446a4a0c8e/element/00000000-0000-02b7-ffff-ffff0000003e/click 200 82 ms - 14
[38;5;0m[HTTP][0m 
[38;5;0m[HTTP][0m [37m-->[39m [37mGET[39m [37m/wd/hub/session/f730fef6-37c3-4fc4-8980-a8446a4a0c8e/source[39m
[38;5;0m[HTTP][0m {}
[38;5;48m[AndroidUiautomator2Driver@8c0f (f730fef6)][0m Driver proxy active, passing request on via HTTP proxy
[38;5;48m[AndroidUiautomator2Driver@8c0f (f730fef6)][0m Replacing sessionId a32852a7-0bc4-4751-bdae-b8bea0353713 with f730fef6-37c3-4fc4-8980-a8446a4a0c8e
[38;5;0m[HTTP][0m <-- GET /wd/hub/session/f730fef6-37c3-4fc4-8980-a8446a4a0c8e/source 200 816 ms - 15721
[38;5;0m[HTTP][0m 
[38;5;0m[HTTP][0m [37m-->[39m [37mGET[39m [37m/wd/hub/session/f730fef6-37c3-4fc4-8980-a8446a4a0c8e/screenshot[39m
[38;5;0m[HTTP][0m {}
[38;5;0m[HTTP][0m <-- GET /wd/hub/session/f730fef6-37c3-4fc4-8980-a8446a4a0c8e/screenshot 200 172 ms - 109140
[38;5;0m[HTTP][0m 
[38;5;0m[HTTP][0m [37m-->[39m [37mPOST[39m [37m/wd/hub/session/f730fef6-37c3-4fc4-8980-a8446a4a0c8e/elements[39m
[38;5;0m[HTTP][0m {"using":"xpath","value":"//*[@class = 'android.widget.EditText' and (@text = '' or . = '')]"}
[38;5;0m[HTTP][0m <-- POST /wd/hub/session/f730fef6-37c3-4fc4-8980-a8446a4a0c8e/elements 200 66 ms - 267
[38;5;0m[HTTP][0m 
[38;5;0m[HTTP][0m [37m-->[39m [37mPOST[39m [37m/wd/hub/session/f730fef6-37c3-4fc4-8980-a8446a4a0c8e/elements[39m
[38;5;0m[HTTP][0m {"using":"-android uiautomator","value":"new UiSelector().className(\"android.widget.EditText\")"}
[38;5;0m[HTTP][0m <-- POST /wd/hub/session/f730fef6-37c3-4fc4-8980-a8446a4a0c8e/elements 200 24 ms - 267
[38;5;0m[HTTP][0m 
[38;5;0m[HTTP][0m [37m-->[39m [37mGET[39m [37m/wd/hub/session/f730fef6-37c3-4fc4-8980-a8446a4a0c8e/window/rect[39m
[38;5;0m[HTTP][0m {}
[38;5;0m[HTTP][0m <-- GET /wd/hub/session/f730fef6-37c3-4fc4-8980-a8446a4a0c8e/window/rect 200 16 ms - 50
[38;5;0m[HTTP][0m 
[38;5;0m[HTTP][0m [37m-->[39m [37mPOST[39m [37m/wd/hub/session/f730fef6-37c3-4fc4-8980-a8446a4a0c8e/elements[39m
[38;5;0m[HTTP][0m {"using":"xpath","value":"//hierarchy/android.widget.FrameLayout[1]/android.widget.LinearLayout[1]/android.widget.FrameLayout[1]/android.widget.LinearLayout[1]/android.widget.FrameLayout[1]/android.widget.RelativeLayout[1]/android.widget.LinearLayout[2]/android.widget.RelativeLayout[3]/android.widget.EditText[1]"}
[38;5;0m[HTTP][0m <-- POST /wd/hub/session/f730fef6-37c3-4fc4-8980-a8446a4a0c8e/elements 200 78 ms - 139
[38;5;0m[HTTP][0m 
[38;5;0m[HTTP][0m [37m-->[39m [37mGET[39m [37m/wd/hub/session/f730fef6-37c3-4fc4-8980-a8446a4a0c8e/element/00000000-0000-02b8-ffff-ffff00000077/location[39m
[38;5;0m[HTTP][0m {}
[38;5;48m[AndroidUiautomator2Driver@8c0f (f730fef6)][0m Driver proxy active, passing request on via HTTP proxy
[38;5;48m[AndroidUiautomator2Driver@8c0f (f730fef6)][0m Replacing sessionId a32852a7-0bc4-4751-bdae-b8bea0353713 with f730fef6-37c3-4fc4-8980-a8446a4a0c8e
[38;5;0m[HTTP][0m <-- GET /wd/hub/session/f730fef6-37c3-4fc4-8980-a8446a4a0c8e/element/00000000-0000-02b8-ffff-ffff00000077/location 200 7 ms - 77
[38;5;0m[HTTP][0m 
[38;5;0m[HTTP][0m [37m-->[39m [37mPOST[39m [37m/wd/hub/session/f730fef6-37c3-4fc4-8980-a8446a4a0c8e/element/00000000-0000-02b8-ffff-ffff00000077/clear[39m
[38;5;0m[HTTP][0m {"id":"00000000-0000-02b8-ffff-ffff00000077"}
[38;5;0m[HTTP][0m <-- POST /wd/hub/session/f730fef6-37c3-4fc4-8980-a8446a4a0c8e/element/00000000-0000-02b8-ffff-ffff00000077/clear 200 10 ms - 14
[38;5;0m[HTTP][0m 
[38;5;0m[HTTP][0m [37m-->[39m [37mPOST[39m [37m/wd/hub/session/f730fef6-37c3-4fc4-8980-a8446a4a0c8e/element/00000000-0000-02b8-ffff-ffff00000077/click[39m
[38;5;0m[HTTP][0m {"id":"00000000-0000-02b8-ffff-ffff00000077"}
[38;5;0m[HTTP][0m <-- POST /wd/hub/session/f730fef6-37c3-4fc4-8980-a8446a4a0c8e/element/00000000-0000-02b8-ffff-ffff00000077/click 200 591 ms - 14
[38;5;0m[HTTP][0m 
[38;5;0m[HTTP][0m [37m-->[39m [37mPOST[39m [37m/wd/hub/session/f730fef6-37c3-4fc4-8980-a8446a4a0c8e/element/00000000-0000-02b8-ffff-ffff00000077/value[39m
[38;5;0m[HTTP][0m {"id":"00000000-0000-02b8-ffff-ffff00000077","text":"jalu1","value":["j","a","l","u","1"]}
[38;5;0m[HTTP][0m <-- POST /wd/hub/session/f730fef6-37c3-4fc4-8980-a8446a4a0c8e/element/00000000-0000-02b8-ffff-ffff00000077/value 200 1006 ms - 14
[38;5;0m[HTTP][0m 
[38;5;0m[HTTP][0m [37m-->[39m [37mGET[39m [37m/wd/hub/session/f730fef6-37c3-4fc4-8980-a8446a4a0c8e/source[39m
[38;5;0m[HTTP][0m {}
[38;5;48m[AndroidUiautomator2Driver@8c0f (f730fef6)][0m Driver proxy active, passing request on via HTTP proxy
[38;5;48m[AndroidUiautomator2Driver@8c0f (f730fef6)][0m Replacing sessionId a32852a7-0bc4-4751-bdae-b8bea0353713 with f730fef6-37c3-4fc4-8980-a8446a4a0c8e
[38;5;0m[HTTP][0m <-- GET /wd/hub/session/f730fef6-37c3-4fc4-8980-a8446a4a0c8e/source 200 114 ms - 13491
[38;5;0m[HTTP][0m 
[38;5;0m[HTTP][0m [37m-->[39m [37mGET[39m [37m/wd/hub/session/f730fef6-37c3-4fc4-8980-a8446a4a0c8e/screenshot[39m
[38;5;0m[HTTP][0m {}
[38;5;0m[HTTP][0m <-- GET /wd/hub/session/f730fef6-37c3-4fc4-8980-a8446a4a0c8e/screenshot 200 238 ms - 176296
[38;5;0m[HTTP][0m 
[38;5;0m[HTTP][0m [37m-->[39m [37mPOST[39m [37m/wd/hub/session/f730fef6-37c3-4fc4-8980-a8446a4a0c8e/elements[39m
[38;5;0m[HTTP][0m {"using":"xpath","value":"//*[@class = 'android.widget.EditText' and (@text = '' or . = '')]"}
[38;5;0m[HTTP][0m <-- POST /wd/hub/session/f730fef6-37c3-4fc4-8980-a8446a4a0c8e/elements 200 108 ms - 267
[38;5;0m[HTTP][0m 
[38;5;0m[HTTP][0m [37m-->[39m [37mPOST[39m [37m/wd/hub/session/f730fef6-37c3-4fc4-8980-a8446a4a0c8e/elements[39m
[38;5;0m[HTTP][0m {"using":"-android uiautomator","value":"new UiSelector().className(\"android.widget.EditText\")"}
[38;5;0m[HTTP][0m <-- POST /wd/hub/session/f730fef6-37c3-4fc4-8980-a8446a4a0c8e/elements 200 24 ms - 267
[38;5;0m[HTTP][0m 
[38;5;0m[HTTP][0m [37m-->[39m [37mGET[39m [37m/wd/hub/session/f730fef6-37c3-4fc4-8980-a8446a4a0c8e/window/rect[39m
[38;5;0m[HTTP][0m {}
[38;5;0m[HTTP][0m <-- GET /wd/hub/session/f730fef6-37c3-4fc4-8980-a8446a4a0c8e/window/rect 200 14 ms - 50
[38;5;0m[HTTP][0m 
[38;5;0m[HTTP][0m [37m-->[39m [37mPOST[39m [37m/wd/hub/session/f730fef6-37c3-4fc4-8980-a8446a4a0c8e/elements[39m
[38;5;0m[HTTP][0m {"using":"xpath","value":"//hierarchy/android.widget.FrameLayout[1]/android.widget.LinearLayout[1]/android.widget.FrameLayout[1]/android.widget.LinearLayout[1]/android.widget.FrameLayout[1]/android.widget.RelativeLayout[1]/android.widget.LinearLayout[2]/android.widget.RelativeLayout[4]/android.widget.EditText[1]"}
[38;5;0m[HTTP][0m <-- POST /wd/hub/session/f730fef6-37c3-4fc4-8980-a8446a4a0c8e/elements 200 87 ms - 139
[38;5;0m[HTTP][0m 
[38;5;0m[HTTP][0m [37m-->[39m [37mGET[39m [37m/wd/hub/session/f730fef6-37c3-4fc4-8980-a8446a4a0c8e/element/00000000-0000-02b8-ffff-ffff0000007b/location[39m
[38;5;0m[HTTP][0m {}
[38;5;48m[AndroidUiautomator2Driver@8c0f (f730fef6)][0m Driver proxy active, passing request on via HTTP proxy
[38;5;48m[AndroidUiautomator2Driver@8c0f (f730fef6)][0m Replacing sessionId a32852a7-0bc4-4751-bdae-b8bea0353713 with f730fef6-37c3-4fc4-8980-a8446a4a0c8e
[38;5;0m[HTTP][0m <-- GET /wd/hub/session/f730fef6-37c3-4fc4-8980-a8446a4a0c8e/element/00000000-0000-02b8-ffff-ffff0000007b/location 200 24 ms - 77
[38;5;0m[HTTP][0m 
[38;5;0m[HTTP][0m [37m-->[39m [37mPOST[39m [37m/wd/hub/session/f730fef6-37c3-4fc4-8980-a8446a4a0c8e/element/00000000-0000-02b8-ffff-ffff0000007b/clear[39m
[38;5;0m[HTTP][0m {"id":"00000000-0000-02b8-ffff-ffff0000007b"}
[38;5;0m[HTTP][0m <-- POST /wd/hub/session/f730fef6-37c3-4fc4-8980-a8446a4a0c8e/element/00000000-0000-02b8-ffff-ffff0000007b/clear 200 15 ms - 14
[38;5;0m[HTTP][0m 
[38;5;0m[HTTP][0m [37m-->[39m [37mPOST[39m [37m/wd/hub/session/f730fef6-37c3-4fc4-8980-a8446a4a0c8e/element/00000000-0000-02b8-ffff-ffff0000007b/click[39m
[38;5;0m[HTTP][0m {"id":"00000000-0000-02b8-ffff-ffff0000007b"}
[38;5;0m[HTTP][0m <-- POST /wd/hub/session/f730fef6-37c3-4fc4-8980-a8446a4a0c8e/element/00000000-0000-02b8-ffff-ffff0000007b/click 200 588 ms - 14
[38;5;0m[HTTP][0m 
[38;5;0m[HTTP][0m [37m-->[39m [37mPOST[39m [37m/wd/hub/session/f730fef6-37c3-4fc4-8980-a8446a4a0c8e/element/00000000-0000-02b8-ffff-ffff0000007b/value[39m
[38;5;0m[HTTP][0m {"id":"00000000-0000-02b8-ffff-ffff0000007b","text":"Testing1","value":["T","e","s","t","i","n","g","1"]}
[38;5;0m[HTTP][0m <-- POST /wd/hub/session/f730fef6-37c3-4fc4-8980-a8446a4a0c8e/element/00000000-0000-02b8-ffff-ffff0000007b/value 200 655 ms - 14
[38;5;0m[HTTP][0m 
[38;5;0m[HTTP][0m [37m-->[39m [37mGET[39m [37m/wd/hub/session/f730fef6-37c3-4fc4-8980-a8446a4a0c8e/source[39m
[38;5;0m[HTTP][0m {}
[38;5;48m[AndroidUiautomator2Driver@8c0f (f730fef6)][0m Driver proxy active, passing request on via HTTP proxy
[38;5;48m[AndroidUiautomator2Driver@8c0f (f730fef6)][0m Replacing sessionId a32852a7-0bc4-4751-bdae-b8bea0353713 with f730fef6-37c3-4fc4-8980-a8446a4a0c8e
[38;5;0m[HTTP][0m <-- GET /wd/hub/session/f730fef6-37c3-4fc4-8980-a8446a4a0c8e/source 200 113 ms - 13514
[38;5;0m[HTTP][0m 
[38;5;0m[HTTP][0m [37m-->[39m [37mGET[39m [37m/wd/hub/session/f730fef6-37c3-4fc4-8980-a8446a4a0c8e/screenshot[39m
[38;5;0m[HTTP][0m {}
[38;5;0m[HTTP][0m <-- GET /wd/hub/session/f730fef6-37c3-4fc4-8980-a8446a4a0c8e/screenshot 200 196 ms - 167852
[38;5;0m[HTTP][0m 
[38;5;0m[HTTP][0m [37m-->[39m [37mPOST[39m [37m/wd/hub/session/f730fef6-37c3-4fc4-8980-a8446a4a0c8e/elements[39m
[38;5;0m[HTTP][0m {"using":"xpath","value":"//*[@class = 'android.widget.Button' and (@text = 'LOGIN' or . = 'LOGIN') and @resource-id = 'com.Advantage.aShopping:id/buttonLogin']"}
[38;5;0m[HTTP][0m <-- POST /wd/hub/session/f730fef6-37c3-4fc4-8980-a8446a4a0c8e/elements 200 94 ms - 139
[38;5;0m[HTTP][0m 
[38;5;0m[HTTP][0m [37m-->[39m [37mGET[39m [37m/wd/hub/session/f730fef6-37c3-4fc4-8980-a8446a4a0c8e/window/rect[39m
[38;5;0m[HTTP][0m {}
[38;5;0m[HTTP][0m <-- GET /wd/hub/session/f730fef6-37c3-4fc4-8980-a8446a4a0c8e/window/rect 200 5 ms - 50
[38;5;0m[HTTP][0m 
[38;5;0m[HTTP][0m [37m-->[39m [37mPOST[39m [37m/wd/hub/session/f730fef6-37c3-4fc4-8980-a8446a4a0c8e/elements[39m
[38;5;0m[HTTP][0m {"using":"xpath","value":"//*[@class = 'android.widget.Button' and (@text = 'LOGIN' or . = 'LOGIN') and @resource-id = 'com.Advantage.aShopping:id/buttonLogin']"}
[38;5;0m[HTTP][0m <-- POST /wd/hub/session/f730fef6-37c3-4fc4-8980-a8446a4a0c8e/elements 200 47 ms - 139
[38;5;0m[HTTP][0m 
[38;5;0m[HTTP][0m [37m-->[39m [37mGET[39m [37m/wd/hub/session/f730fef6-37c3-4fc4-8980-a8446a4a0c8e/element/00000000-0000-02b8-ffff-ffff00000081/location[39m
[38;5;0m[HTTP][0m {}
[38;5;48m[AndroidUiautomator2Driver@8c0f (f730fef6)][0m Driver proxy active, passing request on via HTTP proxy
[38;5;48m[AndroidUiautomator2Driver@8c0f (f730fef6)][0m Replacing sessionId a32852a7-0bc4-4751-bdae-b8bea0353713 with f730fef6-37c3-4fc4-8980-a8446a4a0c8e
[38;5;0m[HTTP][0m <-- GET /wd/hub/session/f730fef6-37c3-4fc4-8980-a8446a4a0c8e/element/00000000-0000-02b8-ffff-ffff00000081/location 200 6 ms - 77
[38;5;0m[HTTP][0m 
[38;5;0m[HTTP][0m [37m-->[39m [37mPOST[39m [37m/wd/hub/session/f730fef6-37c3-4fc4-8980-a8446a4a0c8e/element/00000000-0000-02b8-ffff-ffff00000081/click[39m
[38;5;0m[HTTP][0m {"id":"00000000-0000-02b8-ffff-ffff00000081"}
[38;5;0m[HTTP][0m <-- POST /wd/hub/session/f730fef6-37c3-4fc4-8980-a8446a4a0c8e/element/00000000-0000-02b8-ffff-ffff00000081/click 200 84 ms - 14
[38;5;0m[HTTP][0m 
[38;5;0m[HTTP][0m [37m-->[39m [37mGET[39m [37m/wd/hub/session/f730fef6-37c3-4fc4-8980-a8446a4a0c8e/source[39m
[38;5;0m[HTTP][0m {}
[38;5;48m[AndroidUiautomator2Driver@8c0f (f730fef6)][0m Driver proxy active, passing request on via HTTP proxy
[38;5;48m[AndroidUiautomator2Driver@8c0f (f730fef6)][0m Replacing sessionId a32852a7-0bc4-4751-bdae-b8bea0353713 with f730fef6-37c3-4fc4-8980-a8446a4a0c8e
[38;5;0m[HTTP][0m <-- GET /wd/hub/session/f730fef6-37c3-4fc4-8980-a8446a4a0c8e/source 200 44 ms - 5987
[38;5;0m[HTTP][0m 
[38;5;0m[HTTP][0m [37m-->[39m [37mGET[39m [37m/wd/hub/session/f730fef6-37c3-4fc4-8980-a8446a4a0c8e/screenshot[39m
[38;5;0m[HTTP][0m {}
[38;5;0m[HTTP][0m <-- GET /wd/hub/session/f730fef6-37c3-4fc4-8980-a8446a4a0c8e/screenshot 200 198 ms - 153520
[38;5;0m[HTTP][0m 
[38;5;0m[HTTP][0m [37m-->[39m [37mGET[39m [37m/wd/hub/session/f730fef6-37c3-4fc4-8980-a8446a4a0c8e/source[39m
[38;5;0m[HTTP][0m {}
[38;5;48m[AndroidUiautomator2Driver@8c0f (f730fef6)][0m Driver proxy active, passing request on via HTTP proxy
[38;5;48m[AndroidUiautomator2Driver@8c0f (f730fef6)][0m Replacing sessionId a32852a7-0bc4-4751-bdae-b8bea0353713 with f730fef6-37c3-4fc4-8980-a8446a4a0c8e
[38;5;0m[HTTP][0m <-- GET /wd/hub/session/f730fef6-37c3-4fc4-8980-a8446a4a0c8e/source 200 519 ms - 7089
[38;5;0m[HTTP][0m 
[38;5;0m[HTTP][0m [37m-->[39m [37mGET[39m [37m/wd/hub/session/f730fef6-37c3-4fc4-8980-a8446a4a0c8e/screenshot[39m
[38;5;0m[HTTP][0m {}
[38;5;0m[HTTP][0m <-- GET /wd/hub/session/f730fef6-37c3-4fc4-8980-a8446a4a0c8e/screenshot 200 175 ms - 171724
[38;5;0m[HTTP][0m 
[38;5;0m[HTTP][0m [37m-->[39m [37mPOST[39m [37m/wd/hub/session/f730fef6-37c3-4fc4-8980-a8446a4a0c8e/elements[39m
[38;5;0m[HTTP][0m {"using":"xpath","value":"//*[@class = 'android.widget.Button' and (@text = 'NO' or . = 'NO') and @resource-id = 'android:id/button2']"}
[38;5;0m[HTTP][0m <-- POST /wd/hub/session/f730fef6-37c3-4fc4-8980-a8446a4a0c8e/elements 200 373 ms - 139
[38;5;0m[HTTP][0m 
[38;5;0m[HTTP][0m [37m-->[39m [37mGET[39m [37m/wd/hub/session/f730fef6-37c3-4fc4-8980-a8446a4a0c8e/window/rect[39m
[38;5;0m[HTTP][0m {}
[38;5;0m[HTTP][0m <-- GET /wd/hub/session/f730fef6-37c3-4fc4-8980-a8446a4a0c8e/window/rect 200 5 ms - 50
[38;5;0m[HTTP][0m 
[38;5;0m[HTTP][0m [37m-->[39m [37mPOST[39m [37m/wd/hub/session/f730fef6-37c3-4fc4-8980-a8446a4a0c8e/elements[39m
[38;5;0m[HTTP][0m {"using":"xpath","value":"//*[@class = 'android.widget.Button' and (@text = 'NO' or . = 'NO') and @resource-id = 'android:id/button2']"}
[38;5;0m[HTTP][0m <-- POST /wd/hub/session/f730fef6-37c3-4fc4-8980-a8446a4a0c8e/elements 200 44 ms - 139
[38;5;0m[HTTP][0m 
[38;5;0m[HTTP][0m [37m-->[39m [37mGET[39m [37m/wd/hub/session/f730fef6-37c3-4fc4-8980-a8446a4a0c8e/element/00000000-0000-02ba-ffff-ffff000000bb/location[39m
[38;5;0m[HTTP][0m {}
[38;5;48m[AndroidUiautomator2Driver@8c0f (f730fef6)][0m Driver proxy active, passing request on via HTTP proxy
[38;5;48m[AndroidUiautomator2Driver@8c0f (f730fef6)][0m Replacing sessionId a32852a7-0bc4-4751-bdae-b8bea0353713 with f730fef6-37c3-4fc4-8980-a8446a4a0c8e
[38;5;0m[HTTP][0m <-- GET /wd/hub/session/f730fef6-37c3-4fc4-8980-a8446a4a0c8e/element/00000000-0000-02ba-ffff-ffff000000bb/location 200 6 ms - 79
[38;5;0m[HTTP][0m 
[38;5;0m[HTTP][0m [37m-->[39m [37mPOST[39m [37m/wd/hub/session/f730fef6-37c3-4fc4-8980-a8446a4a0c8e/element/00000000-0000-02ba-ffff-ffff000000bb/click[39m
[38;5;0m[HTTP][0m {"id":"00000000-0000-02ba-ffff-ffff000000bb"}
[38;5;0m[HTTP][0m <-- POST /wd/hub/session/f730fef6-37c3-4fc4-8980-a8446a4a0c8e/element/00000000-0000-02ba-ffff-ffff000000bb/click 200 66 ms - 14
[38;5;0m[HTTP][0m 
[38;5;0m[HTTP][0m [37m-->[39m [37mGET[39m [37m/wd/hub/session/f730fef6-37c3-4fc4-8980-a8446a4a0c8e/source[39m
[38;5;0m[HTTP][0m {}
[38;5;48m[AndroidUiautomator2Driver@8c0f (f730fef6)][0m Driver proxy active, passing request on via HTTP proxy
[38;5;48m[AndroidUiautomator2Driver@8c0f (f730fef6)][0m Replacing sessionId a32852a7-0bc4-4751-bdae-b8bea0353713 with f730fef6-37c3-4fc4-8980-a8446a4a0c8e
[38;5;0m[HTTP][0m <-- GET /wd/hub/session/f730fef6-37c3-4fc4-8980-a8446a4a0c8e/source 200 779 ms - 15552
[38;5;0m[HTTP][0m 
[38;5;0m[HTTP][0m [37m-->[39m [37mGET[39m [37m/wd/hub/session/f730fef6-37c3-4fc4-8980-a8446a4a0c8e/screenshot[39m
[38;5;0m[HTTP][0m {}
[38;5;0m[HTTP][0m <-- GET /wd/hub/session/f730fef6-37c3-4fc4-8980-a8446a4a0c8e/screenshot 200 813 ms - 2178028
[38;5;0m[HTTP][0m 
[38;5;0m[HTTP][0m [37m-->[39m [37mPOST[39m [37m/wd/hub/session/f730fef6-37c3-4fc4-8980-a8446a4a0c8e/elements[39m
[38;5;0m[HTTP][0m {"using":"xpath","value":"//*[@class = 'android.widget.RelativeLayout' and (@text = '' or . = '')]"}
[38;5;0m[HTTP][0m <-- POST /wd/hub/session/f730fef6-37c3-4fc4-8980-a8446a4a0c8e/elements 200 97 ms - 779
[38;5;0m[HTTP][0m 
[38;5;0m[HTTP][0m [37m-->[39m [37mPOST[39m [37m/wd/hub/session/f730fef6-37c3-4fc4-8980-a8446a4a0c8e/elements[39m
[38;5;0m[HTTP][0m {"using":"-android uiautomator","value":"new UiSelector().className(\"android.widget.RelativeLayout\")"}
[38;5;0m[HTTP][0m <-- POST /wd/hub/session/f730fef6-37c3-4fc4-8980-a8446a4a0c8e/elements 200 31 ms - 779
[38;5;0m[HTTP][0m 
[38;5;0m[HTTP][0m [37m-->[39m [37mGET[39m [37m/wd/hub/session/f730fef6-37c3-4fc4-8980-a8446a4a0c8e/window/rect[39m
[38;5;0m[HTTP][0m {}
[38;5;0m[HTTP][0m <-- GET /wd/hub/session/f730fef6-37c3-4fc4-8980-a8446a4a0c8e/window/rect 200 4 ms - 50
[38;5;0m[HTTP][0m 
[38;5;0m[HTTP][0m [37m-->[39m [37mPOST[39m [37m/wd/hub/session/f730fef6-37c3-4fc4-8980-a8446a4a0c8e/elements[39m
[38;5;0m[HTTP][0m {"using":"xpath","value":"//hierarchy/android.widget.FrameLayout[1]/android.widget.LinearLayout[1]/android.widget.FrameLayout[1]/android.widget.LinearLayout[1]/android.widget.FrameLayout[1]/androidx.drawerlayout.widget.DrawerLayout[1]/android.view.ViewGroup[1]/android.widget.LinearLayout[2]/android.widget.LinearLayout[1]/androidx.recyclerview.widget.RecyclerView[1]/android.widget.RelativeLayout[1]"}
[38;5;0m[HTTP][0m <-- POST /wd/hub/session/f730fef6-37c3-4fc4-8980-a8446a4a0c8e/elements 200 38 ms - 139
[38;5;0m[HTTP][0m 
[38;5;0m[HTTP][0m [37m-->[39m [37mGET[39m [37m/wd/hub/session/f730fef6-37c3-4fc4-8980-a8446a4a0c8e/element/00000000-0000-02b7-ffff-ffff00000026/location[39m
[38;5;0m[HTTP][0m {}
[38;5;48m[AndroidUiautomator2Driver@8c0f (f730fef6)][0m Driver proxy active, passing request on via HTTP proxy
[38;5;48m[AndroidUiautomator2Driver@8c0f (f730fef6)][0m Replacing sessionId a32852a7-0bc4-4751-bdae-b8bea0353713 with f730fef6-37c3-4fc4-8980-a8446a4a0c8e
[38;5;0m[HTTP][0m <-- GET /wd/hub/session/f730fef6-37c3-4fc4-8980-a8446a4a0c8e/element/00000000-0000-02b7-ffff-ffff00000026/location 200 9 ms - 76
[38;5;0m[HTTP][0m 
[38;5;0m[HTTP][0m [37m-->[39m [37mPOST[39m [37m/wd/hub/session/f730fef6-37c3-4fc4-8980-a8446a4a0c8e/element/00000000-0000-02b7-ffff-ffff00000026/click[39m
[38;5;0m[HTTP][0m {"id":"00000000-0000-02b7-ffff-ffff00000026"}
[38;5;0m[HTTP][0m <-- POST /wd/hub/session/f730fef6-37c3-4fc4-8980-a8446a4a0c8e/element/00000000-0000-02b7-ffff-ffff00000026/click 200 129 ms - 14
[38;5;0m[HTTP][0m 
[38;5;0m[HTTP][0m [37m-->[39m [37mGET[39m [37m/wd/hub/session/f730fef6-37c3-4fc4-8980-a8446a4a0c8e/source[39m
[38;5;0m[HTTP][0m {}
[38;5;48m[AndroidUiautomator2Driver@8c0f (f730fef6)][0m Driver proxy active, passing request on via HTTP proxy
[38;5;48m[AndroidUiautomator2Driver@8c0f (f730fef6)][0m Replacing sessionId a32852a7-0bc4-4751-bdae-b8bea0353713 with f730fef6-37c3-4fc4-8980-a8446a4a0c8e
[38;5;0m[HTTP][0m <-- GET /wd/hub/session/f730fef6-37c3-4fc4-8980-a8446a4a0c8e/source 200 80 ms - 9975
[38;5;0m[HTTP][0m 
[38;5;0m[HTTP][0m [37m-->[39m [37mGET[39m [37m/wd/hub/session/f730fef6-37c3-4fc4-8980-a8446a4a0c8e/screenshot[39m
[38;5;0m[HTTP][0m {}
[38;5;0m[HTTP][0m <-- GET /wd/hub/session/f730fef6-37c3-4fc4-8980-a8446a4a0c8e/screenshot 200 248 ms - 63024
[38;5;0m[HTTP][0m 
[38;5;0m[HTTP][0m [37m-->[39m [37mGET[39m [37m/wd/hub/session/f730fef6-37c3-4fc4-8980-a8446a4a0c8e/source[39m
[38;5;0m[HTTP][0m {}
[38;5;48m[AndroidUiautomator2Driver@8c0f (f730fef6)][0m Driver proxy active, passing request on via HTTP proxy
[38;5;48m[AndroidUiautomator2Driver@8c0f (f730fef6)][0m Replacing sessionId a32852a7-0bc4-4751-bdae-b8bea0353713 with f730fef6-37c3-4fc4-8980-a8446a4a0c8e
[38;5;0m[HTTP][0m <-- GET /wd/hub/session/f730fef6-37c3-4fc4-8980-a8446a4a0c8e/source 200 1342 ms - 20302
[38;5;0m[HTTP][0m 
[38;5;0m[HTTP][0m [37m-->[39m [37mGET[39m [37m/wd/hub/session/f730fef6-37c3-4fc4-8980-a8446a4a0c8e/screenshot[39m
[38;5;0m[HTTP][0m {}
[38;5;0m[HTTP][0m <-- GET /wd/hub/session/f730fef6-37c3-4fc4-8980-a8446a4a0c8e/screenshot 200 232 ms - 704456
[38;5;0m[HTTP][0m 
[38;5;0m[HTTP][0m [37m-->[39m [37mPOST[39m [37m/wd/hub/session/f730fef6-37c3-4fc4-8980-a8446a4a0c8e/elements[39m
[38;5;0m[HTTP][0m {"using":"xpath","value":"//*[@class = 'android.widget.RelativeLayout' and @resource-id = 'com.Advantage.aShopping:id/RelativeLayoutProductControl' and (@text = '' or . = '')]"}
[38;5;0m[HTTP][0m <-- POST /wd/hub/session/f730fef6-37c3-4fc4-8980-a8446a4a0c8e/elements 200 116 ms - 779
[38;5;0m[HTTP][0m 
[38;5;0m[HTTP][0m [37m-->[39m [37mPOST[39m [37m/wd/hub/session/f730fef6-37c3-4fc4-8980-a8446a4a0c8e/elements[39m
[38;5;0m[HTTP][0m {"using":"id","value":"com.Advantage.aShopping:id/RelativeLayoutProductControl"}
[38;5;0m[HTTP][0m <-- POST /wd/hub/session/f730fef6-37c3-4fc4-8980-a8446a4a0c8e/elements 200 26 ms - 779
[38;5;0m[HTTP][0m 
[38;5;0m[HTTP][0m [37m-->[39m [37mPOST[39m [37m/wd/hub/session/f730fef6-37c3-4fc4-8980-a8446a4a0c8e/elements[39m
[38;5;0m[HTTP][0m {"using":"-android uiautomator","value":"new UiSelector().className(\"android.widget.RelativeLayout\").resourceId(\"com.Advantage.aShopping:id/RelativeLayoutProductControl\")"}
[38;5;0m[HTTP][0m <-- POST /wd/hub/session/f730fef6-37c3-4fc4-8980-a8446a4a0c8e/elements 200 54 ms - 779
[38;5;0m[HTTP][0m 
[38;5;0m[HTTP][0m [37m-->[39m [37mGET[39m [37m/wd/hub/session/f730fef6-37c3-4fc4-8980-a8446a4a0c8e/window/rect[39m
[38;5;0m[HTTP][0m {}
[38;5;0m[HTTP][0m <-- GET /wd/hub/session/f730fef6-37c3-4fc4-8980-a8446a4a0c8e/window/rect 200 5 ms - 50
[38;5;0m[HTTP][0m 
[38;5;0m[HTTP][0m [37m-->[39m [37mPOST[39m [37m/wd/hub/session/f730fef6-37c3-4fc4-8980-a8446a4a0c8e/elements[39m
[38;5;0m[HTTP][0m {"using":"xpath","value":"//hierarchy/android.widget.FrameLayout[1]/android.widget.LinearLayout[1]/android.widget.FrameLayout[1]/android.widget.LinearLayout[1]/android.widget.FrameLayout[1]/androidx.drawerlayout.widget.DrawerLayout[1]/android.view.ViewGroup[1]/android.widget.LinearLayout[2]/android.widget.RelativeLayout[1]/android.widget.LinearLayout[1]/android.widget.GridView[1]/android.widget.RelativeLayout[2]"}
[38;5;0m[HTTP][0m <-- POST /wd/hub/session/f730fef6-37c3-4fc4-8980-a8446a4a0c8e/elements 200 50 ms - 139
[38;5;0m[HTTP][0m 
[38;5;0m[HTTP][0m [37m-->[39m [37mGET[39m [37m/wd/hub/session/f730fef6-37c3-4fc4-8980-a8446a4a0c8e/element/00000000-0000-02b7-ffff-ffff000000d0/location[39m
[38;5;0m[HTTP][0m {}
[38;5;48m[AndroidUiautomator2Driver@8c0f (f730fef6)][0m Driver proxy active, passing request on via HTTP proxy
[38;5;48m[AndroidUiautomator2Driver@8c0f (f730fef6)][0m Replacing sessionId a32852a7-0bc4-4751-bdae-b8bea0353713 with f730fef6-37c3-4fc4-8980-a8446a4a0c8e
[38;5;0m[HTTP][0m <-- GET /wd/hub/session/f730fef6-37c3-4fc4-8980-a8446a4a0c8e/element/00000000-0000-02b7-ffff-ffff000000d0/location 200 6 ms - 78
[38;5;0m[HTTP][0m 
[38;5;0m[HTTP][0m [37m-->[39m [37mPOST[39m [37m/wd/hub/session/f730fef6-37c3-4fc4-8980-a8446a4a0c8e/element/00000000-0000-02b7-ffff-ffff000000d0/click[39m
[38;5;0m[HTTP][0m {"id":"00000000-0000-02b7-ffff-ffff000000d0"}
[38;5;0m[HTTP][0m <-- POST /wd/hub/session/f730fef6-37c3-4fc4-8980-a8446a4a0c8e/element/00000000-0000-02b7-ffff-ffff000000d0/click 200 1470 ms - 14
[38;5;0m[HTTP][0m 
[38;5;0m[HTTP][0m [37m-->[39m [37mGET[39m [37m/wd/hub/session/f730fef6-37c3-4fc4-8980-a8446a4a0c8e/source[39m
[38;5;0m[HTTP][0m {}
[38;5;48m[AndroidUiautomator2Driver@8c0f (f730fef6)][0m Driver proxy active, passing request on via HTTP proxy
[38;5;48m[AndroidUiautomator2Driver@8c0f (f730fef6)][0m Replacing sessionId a32852a7-0bc4-4751-bdae-b8bea0353713 with f730fef6-37c3-4fc4-8980-a8446a4a0c8e
[38;5;0m[HTTP][0m <-- GET /wd/hub/session/f730fef6-37c3-4fc4-8980-a8446a4a0c8e/source 200 92 ms - 20107
[38;5;0m[HTTP][0m 
[38;5;0m[HTTP][0m [37m-->[39m [37mGET[39m [37m/wd/hub/session/f730fef6-37c3-4fc4-8980-a8446a4a0c8e/screenshot[39m
[38;5;0m[HTTP][0m {}
[38;5;0m[HTTP][0m <-- GET /wd/hub/session/f730fef6-37c3-4fc4-8980-a8446a4a0c8e/screenshot 200 226 ms - 528360
[38;5;0m[HTTP][0m 
[38;5;0m[HTTP][0m [37m-->[39m [37mPOST[39m [37m/wd/hub/session/f730fef6-37c3-4fc4-8980-a8446a4a0c8e/elements[39m
[38;5;0m[HTTP][0m {"using":"xpath","value":"//*[@class = 'android.widget.LinearLayout' and @resource-id = 'com.Advantage.aShopping:id/linearLayoutProductQuantity' and (@text = '' or . = '')]"}
[38;5;0m[HTTP][0m <-- POST /wd/hub/session/f730fef6-37c3-4fc4-8980-a8446a4a0c8e/elements 200 98 ms - 139
[38;5;0m[HTTP][0m 
[38;5;0m[HTTP][0m [37m-->[39m [37mGET[39m [37m/wd/hub/session/f730fef6-37c3-4fc4-8980-a8446a4a0c8e/window/rect[39m
[38;5;0m[HTTP][0m {}
[38;5;0m[HTTP][0m <-- GET /wd/hub/session/f730fef6-37c3-4fc4-8980-a8446a4a0c8e/window/rect 200 4 ms - 50
[38;5;0m[HTTP][0m 
[38;5;0m[HTTP][0m [37m-->[39m [37mPOST[39m [37m/wd/hub/session/f730fef6-37c3-4fc4-8980-a8446a4a0c8e/elements[39m
[38;5;0m[HTTP][0m {"using":"xpath","value":"//*[@class = 'android.widget.LinearLayout' and @resource-id = 'com.Advantage.aShopping:id/linearLayoutProductQuantity' and (@text = '' or . = '')]"}
[38;5;0m[HTTP][0m <-- POST /wd/hub/session/f730fef6-37c3-4fc4-8980-a8446a4a0c8e/elements 200 53 ms - 139
[38;5;0m[HTTP][0m 
[38;5;0m[HTTP][0m [37m-->[39m [37mGET[39m [37m/wd/hub/session/f730fef6-37c3-4fc4-8980-a8446a4a0c8e/element/00000000-0000-02bb-ffff-ffff00000123/location[39m
[38;5;0m[HTTP][0m {}
[38;5;48m[AndroidUiautomator2Driver@8c0f (f730fef6)][0m Driver proxy active, passing request on via HTTP proxy
[38;5;48m[AndroidUiautomator2Driver@8c0f (f730fef6)][0m Replacing sessionId a32852a7-0bc4-4751-bdae-b8bea0353713 with f730fef6-37c3-4fc4-8980-a8446a4a0c8e
[38;5;0m[HTTP][0m <-- GET /wd/hub/session/f730fef6-37c3-4fc4-8980-a8446a4a0c8e/element/00000000-0000-02bb-ffff-ffff00000123/location 200 8 ms - 77
[38;5;0m[HTTP][0m 
[38;5;0m[HTTP][0m [37m-->[39m [37mPOST[39m [37m/wd/hub/session/f730fef6-37c3-4fc4-8980-a8446a4a0c8e/element/00000000-0000-02bb-ffff-ffff00000123/click[39m
[38;5;0m[HTTP][0m {"id":"00000000-0000-02bb-ffff-ffff00000123"}
[38;5;0m[HTTP][0m <-- POST /wd/hub/session/f730fef6-37c3-4fc4-8980-a8446a4a0c8e/element/00000000-0000-02bb-ffff-ffff00000123/click 200 87 ms - 14
[38;5;0m[HTTP][0m 
[38;5;0m[HTTP][0m [37m-->[39m [37mGET[39m [37m/wd/hub/session/f730fef6-37c3-4fc4-8980-a8446a4a0c8e/source[39m
[38;5;0m[HTTP][0m {}
[38;5;48m[AndroidUiautomator2Driver@8c0f (f730fef6)][0m Driver proxy active, passing request on via HTTP proxy
[38;5;48m[AndroidUiautomator2Driver@8c0f (f730fef6)][0m Replacing sessionId a32852a7-0bc4-4751-bdae-b8bea0353713 with f730fef6-37c3-4fc4-8980-a8446a4a0c8e
[38;5;0m[HTTP][0m <-- GET /wd/hub/session/f730fef6-37c3-4fc4-8980-a8446a4a0c8e/source 200 590 ms - 9222
[38;5;0m[HTTP][0m 
[38;5;0m[HTTP][0m [37m-->[39m [37mGET[39m [37m/wd/hub/session/f730fef6-37c3-4fc4-8980-a8446a4a0c8e/screenshot[39m
[38;5;0m[HTTP][0m {}
[38;5;0m[HTTP][0m <-- GET /wd/hub/session/f730fef6-37c3-4fc4-8980-a8446a4a0c8e/screenshot 200 165 ms - 78184
[38;5;0m[HTTP][0m 
[38;5;0m[HTTP][0m [37m-->[39m [37mPOST[39m [37m/wd/hub/session/f730fef6-37c3-4fc4-8980-a8446a4a0c8e/elements[39m
[38;5;0m[HTTP][0m {"using":"xpath","value":"//*[@class = 'android.widget.ImageView' and (@text = '' or . = '')]"}
[38;5;0m[HTTP][0m <-- POST /wd/hub/session/f730fef6-37c3-4fc4-8980-a8446a4a0c8e/elements 200 113 ms - 267
[38;5;0m[HTTP][0m 
[38;5;0m[HTTP][0m [37m-->[39m [37mPOST[39m [37m/wd/hub/session/f730fef6-37c3-4fc4-8980-a8446a4a0c8e/elements[39m
[38;5;0m[HTTP][0m {"using":"-android uiautomator","value":"new UiSelector().className(\"android.widget.ImageView\")"}
[38;5;0m[HTTP][0m <-- POST /wd/hub/session/f730fef6-37c3-4fc4-8980-a8446a4a0c8e/elements 200 27 ms - 267
[38;5;0m[HTTP][0m 
[38;5;0m[HTTP][0m [37m-->[39m [37mGET[39m [37m/wd/hub/session/f730fef6-37c3-4fc4-8980-a8446a4a0c8e/window/rect[39m
[38;5;0m[HTTP][0m {}
[38;5;0m[HTTP][0m <-- GET /wd/hub/session/f730fef6-37c3-4fc4-8980-a8446a4a0c8e/window/rect 200 4 ms - 50
[38;5;0m[HTTP][0m 
[38;5;0m[HTTP][0m [37m-->[39m [37mPOST[39m [37m/wd/hub/session/f730fef6-37c3-4fc4-8980-a8446a4a0c8e/elements[39m
[38;5;0m[HTTP][0m {"using":"xpath","value":"//hierarchy/android.widget.FrameLayout[1]/android.widget.LinearLayout[1]/android.widget.FrameLayout[1]/android.widget.LinearLayout[1]/android.widget.FrameLayout[1]/android.widget.RelativeLayout[1]/android.widget.LinearLayout[2]/android.widget.ImageView[2]"}
[38;5;0m[HTTP][0m <-- POST /wd/hub/session/f730fef6-37c3-4fc4-8980-a8446a4a0c8e/elements 200 39 ms - 139
[38;5;0m[HTTP][0m 
[38;5;0m[HTTP][0m [37m-->[39m [37mGET[39m [37m/wd/hub/session/f730fef6-37c3-4fc4-8980-a8446a4a0c8e/element/00000000-0000-02bc-ffff-ffff00000144/location[39m
[38;5;0m[HTTP][0m {}
[38;5;48m[AndroidUiautomator2Driver@8c0f (f730fef6)][0m Driver proxy active, passing request on via HTTP proxy
[38;5;48m[AndroidUiautomator2Driver@8c0f (f730fef6)][0m Replacing sessionId a32852a7-0bc4-4751-bdae-b8bea0353713 with f730fef6-37c3-4fc4-8980-a8446a4a0c8e
[38;5;0m[HTTP][0m <-- GET /wd/hub/session/f730fef6-37c3-4fc4-8980-a8446a4a0c8e/element/00000000-0000-02bc-ffff-ffff00000144/location 200 5 ms - 78
[38;5;0m[HTTP][0m 
[38;5;0m[HTTP][0m [37m-->[39m [37mPOST[39m [37m/wd/hub/session/f730fef6-37c3-4fc4-8980-a8446a4a0c8e/element/00000000-0000-02bc-ffff-ffff00000144/click[39m
[38;5;0m[HTTP][0m {"id":"00000000-0000-02bc-ffff-ffff00000144"}
[38;5;0m[HTTP][0m <-- POST /wd/hub/session/f730fef6-37c3-4fc4-8980-a8446a4a0c8e/element/00000000-0000-02bc-ffff-ffff00000144/click 200 607 ms - 14
[38;5;0m[HTTP][0m 
[38;5;0m[HTTP][0m [37m-->[39m [37mGET[39m [37m/wd/hub/session/f730fef6-37c3-4fc4-8980-a8446a4a0c8e/source[39m
[38;5;0m[HTTP][0m {}
[38;5;48m[AndroidUiautomator2Driver@8c0f (f730fef6)][0m Driver proxy active, passing request on via HTTP proxy
[38;5;48m[AndroidUiautomator2Driver@8c0f (f730fef6)][0m Replacing sessionId a32852a7-0bc4-4751-bdae-b8bea0353713 with f730fef6-37c3-4fc4-8980-a8446a4a0c8e
[38;5;0m[HTTP][0m <-- GET /wd/hub/session/f730fef6-37c3-4fc4-8980-a8446a4a0c8e/source 200 44 ms - 9222
[38;5;0m[HTTP][0m 
[38;5;0m[HTTP][0m [37m-->[39m [37mGET[39m [37m/wd/hub/session/f730fef6-37c3-4fc4-8980-a8446a4a0c8e/screenshot[39m
[38;5;0m[HTTP][0m {}
[38;5;0m[HTTP][0m <-- GET /wd/hub/session/f730fef6-37c3-4fc4-8980-a8446a4a0c8e/screenshot 200 208 ms - 82192
[38;5;0m[HTTP][0m 
[38;5;0m[HTTP][0m [37m-->[39m [37mPOST[39m [37m/wd/hub/session/f730fef6-37c3-4fc4-8980-a8446a4a0c8e/elements[39m
[38;5;0m[HTTP][0m {"using":"xpath","value":"//*[@class = 'android.widget.TextView' and (@text = 'APPLY' or . = 'APPLY') and @resource-id = 'com.Advantage.aShopping:id/textViewApply']"}
[38;5;0m[HTTP][0m <-- POST /wd/hub/session/f730fef6-37c3-4fc4-8980-a8446a4a0c8e/elements 200 73 ms - 139
[38;5;0m[HTTP][0m 
[38;5;0m[HTTP][0m [37m-->[39m [37mGET[39m [37m/wd/hub/session/f730fef6-37c3-4fc4-8980-a8446a4a0c8e/window/rect[39m
[38;5;0m[HTTP][0m {}
[38;5;0m[HTTP][0m <-- GET /wd/hub/session/f730fef6-37c3-4fc4-8980-a8446a4a0c8e/window/rect 200 5 ms - 50
[38;5;0m[HTTP][0m 
[38;5;0m[HTTP][0m [37m-->[39m [37mPOST[39m [37m/wd/hub/session/f730fef6-37c3-4fc4-8980-a8446a4a0c8e/elements[39m
[38;5;0m[HTTP][0m {"using":"xpath","value":"//*[@class = 'android.widget.TextView' and (@text = 'APPLY' or . = 'APPLY') and @resource-id = 'com.Advantage.aShopping:id/textViewApply']"}
[38;5;0m[HTTP][0m <-- POST /wd/hub/session/f730fef6-37c3-4fc4-8980-a8446a4a0c8e/elements 200 43 ms - 139
[38;5;0m[HTTP][0m 
[38;5;0m[HTTP][0m [37m-->[39m [37mGET[39m [37m/wd/hub/session/f730fef6-37c3-4fc4-8980-a8446a4a0c8e/element/00000000-0000-02bc-ffff-ffff0000013c/location[39m
[38;5;0m[HTTP][0m {}
[38;5;48m[AndroidUiautomator2Driver@8c0f (f730fef6)][0m Driver proxy active, passing request on via HTTP proxy
[38;5;48m[AndroidUiautomator2Driver@8c0f (f730fef6)][0m Replacing sessionId a32852a7-0bc4-4751-bdae-b8bea0353713 with f730fef6-37c3-4fc4-8980-a8446a4a0c8e
[38;5;0m[HTTP][0m <-- GET /wd/hub/session/f730fef6-37c3-4fc4-8980-a8446a4a0c8e/element/00000000-0000-02bc-ffff-ffff0000013c/location 200 6 ms - 77
[38;5;0m[HTTP][0m 
[38;5;0m[HTTP][0m [37m-->[39m [37mPOST[39m [37m/wd/hub/session/f730fef6-37c3-4fc4-8980-a8446a4a0c8e/element/00000000-0000-02bc-ffff-ffff0000013c/click[39m
[38;5;0m[HTTP][0m {"id":"00000000-0000-02bc-ffff-ffff0000013c"}
[38;5;0m[HTTP][0m <-- POST /wd/hub/session/f730fef6-37c3-4fc4-8980-a8446a4a0c8e/element/00000000-0000-02bc-ffff-ffff0000013c/click 200 94 ms - 14
[38;5;0m[HTTP][0m 
[38;5;0m[HTTP][0m [37m-->[39m [37mGET[39m [37m/wd/hub/session/f730fef6-37c3-4fc4-8980-a8446a4a0c8e/source[39m
[38;5;0m[HTTP][0m {}
[38;5;48m[AndroidUiautomator2Driver@8c0f (f730fef6)][0m Driver proxy active, passing request on via HTTP proxy
[38;5;48m[AndroidUiautomator2Driver@8c0f (f730fef6)][0m Replacing sessionId a32852a7-0bc4-4751-bdae-b8bea0353713 with f730fef6-37c3-4fc4-8980-a8446a4a0c8e
[38;5;0m[HTTP][0m <-- GET /wd/hub/session/f730fef6-37c3-4fc4-8980-a8446a4a0c8e/source 200 639 ms - 20107
[38;5;0m[HTTP][0m 
[38;5;0m[HTTP][0m [37m-->[39m [37mGET[39m [37m/wd/hub/session/f730fef6-37c3-4fc4-8980-a8446a4a0c8e/screenshot[39m
[38;5;0m[HTTP][0m {}
[38;5;0m[HTTP][0m <-- GET /wd/hub/session/f730fef6-37c3-4fc4-8980-a8446a4a0c8e/screenshot 200 228 ms - 530668
[38;5;0m[HTTP][0m 
[38;5;0m[HTTP][0m [37m-->[39m [37mPOST[39m [37m/wd/hub/session/f730fef6-37c3-4fc4-8980-a8446a4a0c8e/elements[39m
[38;5;0m[HTTP][0m {"using":"xpath","value":"//*[@class = 'android.widget.TextView' and (@text = '2' or . = '2') and @resource-id = 'com.Advantage.aShopping:id/textViewProductQuantity']"}
[38;5;0m[HTTP][0m <-- POST /wd/hub/session/f730fef6-37c3-4fc4-8980-a8446a4a0c8e/elements 200 115 ms - 139
[38;5;0m[HTTP][0m 
[38;5;0m[HTTP][0m [37m-->[39m [37mGET[39m [37m/wd/hub/session/f730fef6-37c3-4fc4-8980-a8446a4a0c8e/window/rect[39m
[38;5;0m[HTTP][0m {}
[38;5;0m[HTTP][0m <-- GET /wd/hub/session/f730fef6-37c3-4fc4-8980-a8446a4a0c8e/window/rect 200 4 ms - 50
[38;5;0m[HTTP][0m 
[38;5;0m[HTTP][0m [37m-->[39m [37mPOST[39m [37m/wd/hub/session/f730fef6-37c3-4fc4-8980-a8446a4a0c8e/elements[39m
[38;5;0m[HTTP][0m {"using":"xpath","value":"//*[@class = 'android.widget.TextView' and (@text = '2' or . = '2') and @resource-id = 'com.Advantage.aShopping:id/textViewProductQuantity']"}
[38;5;0m[HTTP][0m <-- POST /wd/hub/session/f730fef6-37c3-4fc4-8980-a8446a4a0c8e/elements 200 62 ms - 139
[38;5;0m[HTTP][0m 
[38;5;0m[HTTP][0m [37m-->[39m [37mGET[39m [37m/wd/hub/session/f730fef6-37c3-4fc4-8980-a8446a4a0c8e/element/00000000-0000-02bb-ffff-ffff00000125/location[39m
[38;5;0m[HTTP][0m {}
[38;5;48m[AndroidUiautomator2Driver@8c0f (f730fef6)][0m Driver proxy active, passing request on via HTTP proxy
[38;5;48m[AndroidUiautomator2Driver@8c0f (f730fef6)][0m Replacing sessionId a32852a7-0bc4-4751-bdae-b8bea0353713 with f730fef6-37c3-4fc4-8980-a8446a4a0c8e
[38;5;0m[HTTP][0m <-- GET /wd/hub/session/f730fef6-37c3-4fc4-8980-a8446a4a0c8e/element/00000000-0000-02bb-ffff-ffff00000125/location 200 6 ms - 78
[38;5;0m[HTTP][0m 
[38;5;0m[HTTP][0m [37m-->[39m [37mPOST[39m [37m/wd/hub/session/f730fef6-37c3-4fc4-8980-a8446a4a0c8e/element/00000000-0000-02bb-ffff-ffff00000125/click[39m
[38;5;0m[HTTP][0m {"id":"00000000-0000-02bb-ffff-ffff00000125"}
[38;5;0m[HTTP][0m <-- POST /wd/hub/session/f730fef6-37c3-4fc4-8980-a8446a4a0c8e/element/00000000-0000-02bb-ffff-ffff00000125/click 200 85 ms - 14
[38;5;0m[HTTP][0m 
[38;5;0m[HTTP][0m [37m-->[39m [37mGET[39m [37m/wd/hub/session/f730fef6-37c3-4fc4-8980-a8446a4a0c8e/source[39m
[38;5;0m[HTTP][0m {}
[38;5;48m[AndroidUiautomator2Driver@8c0f (f730fef6)][0m Driver proxy active, passing request on via HTTP proxy
[38;5;48m[AndroidUiautomator2Driver@8c0f (f730fef6)][0m Replacing sessionId a32852a7-0bc4-4751-bdae-b8bea0353713 with f730fef6-37c3-4fc4-8980-a8446a4a0c8e
[38;5;0m[HTTP][0m <-- GET /wd/hub/session/f730fef6-37c3-4fc4-8980-a8446a4a0c8e/source 200 738 ms - 9222
[38;5;0m[HTTP][0m 
[38;5;0m[HTTP][0m [37m-->[39m [37mGET[39m [37m/wd/hub/session/f730fef6-37c3-4fc4-8980-a8446a4a0c8e/screenshot[39m
[38;5;0m[HTTP][0m {}
[38;5;0m[HTTP][0m <-- GET /wd/hub/session/f730fef6-37c3-4fc4-8980-a8446a4a0c8e/screenshot 200 188 ms - 82344
[38;5;0m[HTTP][0m 
[38;5;0m[HTTP][0m [37m-->[39m [37mGET[39m [37m/wd/hub/session/f730fef6-37c3-4fc4-8980-a8446a4a0c8e/window/rect[39m
[38;5;0m[HTTP][0m {}
[38;5;0m[HTTP][0m <-- GET /wd/hub/session/f730fef6-37c3-4fc4-8980-a8446a4a0c8e/window/rect 200 41 ms - 50
[38;5;0m[HTTP][0m 
[38;5;0m[HTTP][0m [37m-->[39m [37mPOST[39m [37m/wd/hub/session/f730fef6-37c3-4fc4-8980-a8446a4a0c8e/elements[39m
[38;5;0m[HTTP][0m {"using":"xpath","value":"//*[@class = 'android.widget.TextView' and (@text = 'APPLY' or . = 'APPLY') and @resource-id = 'com.Advantage.aShopping:id/textViewApply']"}
[38;5;0m[HTTP][0m <-- POST /wd/hub/session/f730fef6-37c3-4fc4-8980-a8446a4a0c8e/elements 200 91 ms - 139
[38;5;0m[HTTP][0m 
[38;5;0m[HTTP][0m [37m-->[39m [37mGET[39m [37m/wd/hub/session/f730fef6-37c3-4fc4-8980-a8446a4a0c8e/element/00000000-0000-02be-ffff-ffff00000168/location[39m
[38;5;0m[HTTP][0m {}
[38;5;48m[AndroidUiautomator2Driver@8c0f (f730fef6)][0m Driver proxy active, passing request on via HTTP proxy
[38;5;48m[AndroidUiautomator2Driver@8c0f (f730fef6)][0m Replacing sessionId a32852a7-0bc4-4751-bdae-b8bea0353713 with f730fef6-37c3-4fc4-8980-a8446a4a0c8e
[38;5;0m[HTTP][0m <-- GET /wd/hub/session/f730fef6-37c3-4fc4-8980-a8446a4a0c8e/element/00000000-0000-02be-ffff-ffff00000168/location 200 7 ms - 77
[38;5;0m[HTTP][0m 
[38;5;0m[HTTP][0m [37m-->[39m [37mPOST[39m [37m/wd/hub/session/f730fef6-37c3-4fc4-8980-a8446a4a0c8e/element/00000000-0000-02be-ffff-ffff00000168/click[39m
[38;5;0m[HTTP][0m {"id":"00000000-0000-02be-ffff-ffff00000168"}
[38;5;0m[HTTP][0m <-- POST /wd/hub/session/f730fef6-37c3-4fc4-8980-a8446a4a0c8e/element/00000000-0000-02be-ffff-ffff00000168/click 200 65 ms - 14
[38;5;0m[HTTP][0m 
[38;5;0m[HTTP][0m [37m-->[39m [37mGET[39m [37m/wd/hub/session/f730fef6-37c3-4fc4-8980-a8446a4a0c8e/source[39m
[38;5;0m[HTTP][0m {}
[38;5;48m[AndroidUiautomator2Driver@8c0f (f730fef6)][0m Driver proxy active, passing request on via HTTP proxy
[38;5;48m[AndroidUiautomator2Driver@8c0f (f730fef6)][0m Replacing sessionId a32852a7-0bc4-4751-bdae-b8bea0353713 with f730fef6-37c3-4fc4-8980-a8446a4a0c8e
[38;5;0m[HTTP][0m <-- GET /wd/hub/session/f730fef6-37c3-4fc4-8980-a8446a4a0c8e/source 200 113 ms - 20107
[38;5;0m[HTTP][0m 
[38;5;0m[HTTP][0m [37m-->[39m [37mGET[39m [37m/wd/hub/session/f730fef6-37c3-4fc4-8980-a8446a4a0c8e/screenshot[39m
[38;5;0m[HTTP][0m {}
[38;5;0m[HTTP][0m <-- GET /wd/hub/session/f730fef6-37c3-4fc4-8980-a8446a4a0c8e/screenshot 200 262 ms - 531156
[38;5;0m[HTTP][0m 
[38;5;0m[HTTP][0m [37m-->[39m [37mGET[39m [37m/wd/hub/session/f730fef6-37c3-4fc4-8980-a8446a4a0c8e/window/rect[39m
[38;5;0m[HTTP][0m {}
[38;5;0m[HTTP][0m <-- GET /wd/hub/session/f730fef6-37c3-4fc4-8980-a8446a4a0c8e/window/rect 200 42 ms - 50
[38;5;0m[HTTP][0m 
[38;5;0m[HTTP][0m [37m-->[39m [37mPOST[39m [37m/wd/hub/session/f730fef6-37c3-4fc4-8980-a8446a4a0c8e/elements[39m
[38;5;0m[HTTP][0m {"using":"xpath","value":"//*[@class = 'android.widget.TextView' and (@text = '2' or . = '2') and @resource-id = 'com.Advantage.aShopping:id/textViewProductQuantity']"}
[38;5;0m[HTTP][0m <-- POST /wd/hub/session/f730fef6-37c3-4fc4-8980-a8446a4a0c8e/elements 200 97 ms - 139
[38;5;0m[HTTP][0m 
[38;5;0m[HTTP][0m [37m-->[39m [37mGET[39m [37m/wd/hub/session/f730fef6-37c3-4fc4-8980-a8446a4a0c8e/element/00000000-0000-02bb-ffff-ffff00000125/location[39m
[38;5;0m[HTTP][0m {}
[38;5;48m[AndroidUiautomator2Driver@8c0f (f730fef6)][0m Driver proxy active, passing request on via HTTP proxy
[38;5;48m[AndroidUiautomator2Driver@8c0f (f730fef6)][0m Replacing sessionId a32852a7-0bc4-4751-bdae-b8bea0353713 with f730fef6-37c3-4fc4-8980-a8446a4a0c8e
[38;5;0m[HTTP][0m <-- GET /wd/hub/session/f730fef6-37c3-4fc4-8980-a8446a4a0c8e/element/00000000-0000-02bb-ffff-ffff00000125/location 200 6 ms - 78
[38;5;0m[HTTP][0m 
[38;5;0m[HTTP][0m [37m-->[39m [37mGET[39m [37m/wd/hub/session/f730fef6-37c3-4fc4-8980-a8446a4a0c8e/element/00000000-0000-02bb-ffff-ffff00000125/text[39m
[38;5;0m[HTTP][0m {}
[38;5;48m[AndroidUiautomator2Driver@8c0f (f730fef6)][0m Driver proxy active, passing request on via HTTP proxy
[38;5;48m[AndroidUiautomator2Driver@8c0f (f730fef6)][0m Replacing sessionId a32852a7-0bc4-4751-bdae-b8bea0353713 with f730fef6-37c3-4fc4-8980-a8446a4a0c8e
[38;5;0m[HTTP][0m <-- GET /wd/hub/session/f730fef6-37c3-4fc4-8980-a8446a4a0c8e/element/00000000-0000-02bb-ffff-ffff00000125/text 200 5 ms - 64
[38;5;0m[HTTP][0m 
[38;5;0m[HTTP][0m [37m-->[39m [37mGET[39m [37m/wd/hub/session/f730fef6-37c3-4fc4-8980-a8446a4a0c8e/source[39m
[38;5;0m[HTTP][0m {}
[38;5;48m[AndroidUiautomator2Driver@8c0f (f730fef6)][0m Driver proxy active, passing request on via HTTP proxy
[38;5;48m[AndroidUiautomator2Driver@8c0f (f730fef6)][0m Replacing sessionId a32852a7-0bc4-4751-bdae-b8bea0353713 with f730fef6-37c3-4fc4-8980-a8446a4a0c8e
[38;5;0m[HTTP][0m <-- GET /wd/hub/session/f730fef6-37c3-4fc4-8980-a8446a4a0c8e/source 200 89 ms - 20107
[38;5;0m[HTTP][0m 
[38;5;0m[HTTP][0m [37m-->[39m [37mGET[39m [37m/wd/hub/session/f730fef6-37c3-4fc4-8980-a8446a4a0c8e/screenshot[39m
[38;5;0m[HTTP][0m {}
[38;5;0m[HTTP][0m <-- GET /wd/hub/session/f730fef6-37c3-4fc4-8980-a8446a4a0c8e/screenshot 200 284 ms - 531136
[38;5;0m[HTTP][0m 
[38;5;0m[HTTP][0m [37m-->[39m [37mDELETE[39m [37m/wd/hub/session/f730fef6-37c3-4fc4-8980-a8446a4a0c8e[39m
[38;5;0m[HTTP][0m {}
[38;5;16m[AppiumDriver@23a5][0m Removing session f730fef6-37c3-4fc4-8980-a8446a4a0c8e from our master session list
[38;5;48m[AndroidUiautomator2Driver@8c0f (f730fef6)][0m Restoring hidden api policy to the device default configuration
[38;5;0m[HTTP][0m <-- DELETE /wd/hub/session/f730fef6-37c3-4fc4-8980-a8446a4a0c8e 200 1122 ms - 14
[38;5;0m[HTTP][0m 
[Appium] Received SIGTERM - shutting down
[38;5;0m[HTTP][0m Waiting until the server is closed
[38;5;0m[HTTP][0m Received server close event
